<AssetPackage Name="test-same-airport" Version="1.0.0">
	<ItemSettings>
		<ContentType>MISSION</ContentType>
		<Title>ESSA to ESSA</Title>
		<Manufacturer>unknown</Manufacturer>
		<Creator>unknown</Creator>
	</ItemSettings>
	<Flags>
		<VisibleInStore>false</VisibleInStore>
		<CanBeReferenced>false</CanBeReferenced>
	</Flags>
	<AssetGroups>
		<AssetGroup Name="ContentInfo">
			<Type>ContentInfo</Type>
			<Flags>
				<FSXCompatibility>false</FSXCompatibility>
			</Flags>
			<AssetDir>PackageDefinitions\ContentInfo</AssetDir>
			<OutputDir>ContentInfo\test-same-airport</OutputDir>
		</AssetGroup>
		<AssetGroup Name="test-same-airport">
			<Type>Mission</Type>
			<Flags>
				<FSXCompatibility>false</FSXCompatibility>
			</Flags>
			<AssetDir>source</AssetDir>
			<OutputDir>Missions\test-same-airportDir</OutputDir>
		</AssetGroup>
	</AssetGroups>
</AssetPackage>

